<?xml version="1.0" encoding="UTF-8"?>
<testsuite name="FullTests" tests="8" skipped="0" failures="0" errors="0" timestamp="2024-03-05T17:31:04" hostname="codespaces-7f52ec" time="0.024">
  <properties/>
  <testcase name="GPSException if seeking highest point in an empty Track" classname="FullTests" time="0.003"/>
  <testcase name="GPSException if seeking lowest point in an empty Track" classname="FullTests" time="0.001"/>
  <testcase name="Total distance computed correctly" classname="FullTests" time="0.001"/>
  <testcase name="GPSException if fewer than 2 points when computing average speed" classname="FullTests" time="0.002"/>
  <testcase name="Lowest point of a Track found correctly" classname="FullTests" time="0.001"/>
  <testcase name="Highest point of a Track found correctly" classname="FullTests" time="0.005"/>
  <testcase name="Average speed computed correctly" classname="FullTests" time="0.002"/>
  <testcase name="GPSException if fewer than 2 points when computing distance" classname="FullTests" time="0.002"/>
  <system-out><![CDATA[(-1.54853, 53.80462), 72.5 m
(-1.54853, 53.80462), 72.5 m
]]></system-out>
  <system-err><![CDATA[]]></system-err>
</testsuite>
